<?xml version="1.0" encoding="UTF-8"?>
<testsuites name="GutTests" failures="5" tests="56" >
  <testsuite name="tests/test_audio_manager.gd" tests="4" failures="0" skipped="0" time="0.002809" >
      <testcase name="test_audio_manager_instantiates" assertions="1" status="pass" classname="tests/test_audio_manager.gd" time="0.000701" >
      </testcase>
      <testcase name="test_set_master_volume" assertions="1" status="pass" classname="tests/test_audio_manager.gd" time="0.000665" >
      </testcase>
      <testcase name="test_play_sfx" assertions="1" status="pass" classname="tests/test_audio_manager.gd" time="0.0008" >
      </testcase>
      <testcase name="test_play_music" assertions="1" status="pass" classname="tests/test_audio_manager.gd" time="0.000643" >
      </testcase>
      </testsuite>
  <testsuite name="tests/test_colony_management.gd" tests="6" failures="0" skipped="0" time="0.015231" >
      <testcase name="test_population_job_assignment" assertions="0" status="no asserts" classname="tests/test_colony_management.gd" time="0.003477" >
      </testcase>
      <testcase name="test_building_data_creation" assertions="4" status="pass" classname="tests/test_colony_management.gd" time="0.001106" >
      </testcase>
      <testcase name="test_building_effect_description" assertions="3" status="pass" classname="tests/test_colony_management.gd" time="0.000741" >
      </testcase>
      <testcase name="test_building_construction" assertions="0" status="no asserts" classname="tests/test_colony_management.gd" time="0.003227" >
      </testcase>
      <testcase name="test_colony_resource_production" assertions="0" status="no asserts" classname="tests/test_colony_management.gd" time="0.003485" >
      </testcase>
      <testcase name="test_population_growth" assertions="0" status="no asserts" classname="tests/test_colony_management.gd" time="0.003195" >
      </testcase>
      </testsuite>
  <testsuite name="tests/test_colony_manager.gd" tests="2" failures="1" skipped="0" time="0.005699" >
      <testcase name="test_colony_manager_instantiates" assertions="1" status="fail" classname="tests/test_colony_manager.gd" time="0.002577" >
      <failure message="failed"><![CDATA[Colony Manager should be a valid instance.
            at line -1]]></failure></testcase>
      <testcase name="test_colonies_dict_initially_empty" assertions="0" status="no asserts" classname="tests/test_colony_manager.gd" time="0.003122" >
      </testcase>
      </testsuite>
  <testsuite name="tests/test_combat.gd" tests="1" failures="0" skipped="0" time="0.004372" >
      <testcase name="test_ship_combat_interaction" assertions="3" status="pass" classname="tests/test_combat.gd" time="0.004372" >
      </testcase>
      </testsuite>
  <testsuite name="tests/test_data_manager.gd" tests="4" failures="2" skipped="0" time="0.008065" >
      <testcase name="test_technologies_are_loaded" assertions="1" status="pass" classname="tests/test_data_manager.gd" time="0.00075" >
      </testcase>
      <testcase name="test_get_technology_returns_valid_tech" assertions="1" status="fail" classname="tests/test_data_manager.gd" time="0.004017" >
      <failure message="failed"><![CDATA[Should return a valid resource.
            at line -1]]></failure></testcase>
      <testcase name="test_get_technology_returns_null_for_invalid_id" assertions="1" status="pass" classname="tests/test_data_manager.gd" time="0.000733" >
      </testcase>
      <testcase name="test_tech_tree_data_is_loaded" assertions="1" status="fail" classname="tests/test_data_manager.gd" time="0.002565" >
      <failure message="failed"><![CDATA[Tech tree should have categories.
            at line -1]]></failure></testcase>
      </testsuite>
  <testsuite name="tests/test_debug_manager.gd" tests="2" failures="0" skipped="0" time="0.00203" >
      <testcase name="test_debug_manager_instantiates" assertions="1" status="pass" classname="tests/test_debug_manager.gd" time="0.000732" >
      </testcase>
      <testcase name="test_log_action" assertions="1" status="pass" classname="tests/test_debug_manager.gd" time="0.001298" >
      </testcase>
      </testsuite>
  <testsuite name="tests/test_empire_manager.gd" tests="4" failures="0" skipped="0" time="0.003632" >
      <testcase name="test_empire_manager_instantiates" assertions="1" status="pass" classname="tests/test_empire_manager.gd" time="0.000756" >
      </testcase>
      <testcase name="test_empires_dict_initially_empty" assertions="1" status="pass" classname="tests/test_empire_manager.gd" time="0.000703" >
      </testcase>
      <testcase name="test_register_empire" assertions="1" status="pass" classname="tests/test_empire_manager.gd" time="0.001327" >
      </testcase>
      <testcase name="test_get_empire_by_id" assertions="2" status="pass" classname="tests/test_empire_manager.gd" time="0.000846" >
      </testcase>
      </testsuite>
  <testsuite name="tests/test_galaxy.gd" tests="1" failures="0" skipped="0" time="0.013417" >
      <testcase name="test_galaxy_generation_runs" assertions="2" status="pass" classname="tests/test_galaxy.gd" time="0.013417" >
      </testcase>
      </testsuite>
  <testsuite name="tests/test_galaxy_manager.gd" tests="2" failures="0" skipped="0" time="0.001416" >
      <testcase name="test_galaxy_manager_instantiates" assertions="1" status="pass" classname="tests/test_galaxy_manager.gd" time="0.000768" >
      </testcase>
      <testcase name="test_star_systems_dict_initially_empty" assertions="1" status="pass" classname="tests/test_galaxy_manager.gd" time="0.000648" >
      </testcase>
      </testsuite>
  <testsuite name="tests/test_game_manager.gd" tests="3" failures="1" skipped="0" time="0.009333" >
      <testcase name="test_game_manager_instantiates" assertions="1" status="fail" classname="tests/test_game_manager.gd" time="0.002668" >
      <failure message="failed"><![CDATA[Game Manager should be a valid instance.
            at line -1]]></failure></testcase>
      <testcase name="test_initial_game_phase_is_setup" assertions="0" status="no asserts" classname="tests/test_game_manager.gd" time="0.00309" >
      </testcase>
      <testcase name="test_set_game_phase" assertions="0" status="no asserts" classname="tests/test_game_manager.gd" time="0.003575" >
      </testcase>
      </testsuite>
  <testsuite name="tests/test_game_setup.gd" tests="6" failures="0" skipped="0" time="0.008254" >
      <testcase name="test_game_setup_data_creation" assertions="1" status="pass" classname="tests/test_game_setup.gd" time="0.000838" >
      </testcase>
      <testcase name="test_game_setup_data_defaults" assertions="4" status="pass" classname="tests/test_game_setup.gd" time="0.001109" >
      </testcase>
      <testcase name="test_game_setup_data_validation" assertions="3" status="pass" classname="tests/test_game_setup.gd" time="0.003019" >
      </testcase>
      <testcase name="test_system_count_calculation" assertions="4" status="pass" classname="tests/test_game_setup.gd" time="0.000982" >
      </testcase>
      <testcase name="test_ai_resource_multiplier" assertions="4" status="pass" classname="tests/test_game_setup.gd" time="0.00114" >
      </testcase>
      <testcase name="test_static_creation_methods" assertions="6" status="pass" classname="tests/test_game_setup.gd" time="0.001166" >
      </testcase>
      </testsuite>
  <testsuite name="tests/test_main_menu.gd" tests="1" failures="0" skipped="0" time="0.400899" >
      <testcase name="test_main_menu_scene_loads" assertions="2" status="pass" classname="tests/test_main_menu.gd" time="0.400899" >
      </testcase>
      </testsuite>
  <testsuite name="tests/test_scene_validator.gd" tests="1" failures="0" skipped="0" time="1.560356" >
      <testcase name="test_all_scenes_load_without_errors" assertions="1" status="pass" classname="tests/test_scene_validator.gd" time="1.560356" >
      </testcase>
      </testsuite>
  <testsuite name="tests/test_static_analysis.gd" tests="2" failures="0" skipped="0" time="0.216244" >
      <testcase name="test_no_redundant_function_calls" assertions="1" status="pass" classname="tests/test_static_analysis.gd" time="0.171857" >
      </testcase>
      <testcase name="test_type_consistency" assertions="1" status="pass" classname="tests/test_static_analysis.gd" time="0.044387" >
      </testcase>
      </testsuite>
  <testsuite name="tests/test_technology_effect_manager.gd" tests="11" failures="0" skipped="0" time="0.036707" >
      <testcase name="test_technology_effect_parsing" assertions="0" status="no asserts" classname="tests/test_technology_effect_manager.gd" time="0.003371" >
      </testcase>
      <testcase name="test_technology_effect_application" assertions="0" status="no asserts" classname="tests/test_technology_effect_manager.gd" time="0.003135" >
      </testcase>
      <testcase name="test_colony_calculations_with_tech" assertions="0" status="no asserts" classname="tests/test_technology_effect_manager.gd" time="0.004012" >
      </testcase>
      <testcase name="test_technology_ability_unlocks" assertions="0" status="no asserts" classname="tests/test_technology_effect_manager.gd" time="0.003351" >
      </testcase>
      <testcase name="test_ship_bonuses_from_technology" assertions="0" status="no asserts" classname="tests/test_technology_effect_manager.gd" time="0.003282" >
      </testcase>
      <testcase name="test_population_growth_with_technology" assertions="0" status="no asserts" classname="tests/test_technology_effect_manager.gd" time="0.003327" >
      </testcase>
      <testcase name="test_empire_bonuses_accumulation" assertions="0" status="no asserts" classname="tests/test_technology_effect_manager.gd" time="0.003095" >
      </testcase>
      <testcase name="test_unknown_technology_effect" assertions="0" status="no asserts" classname="tests/test_technology_effect_manager.gd" time="0.003325" >
      </testcase>
      <testcase name="test_technology_effect_save_load" assertions="0" status="no asserts" classname="tests/test_technology_effect_manager.gd" time="0.003422" >
      </testcase>
      <testcase name="test_empty_technology_list" assertions="0" status="no asserts" classname="tests/test_technology_effect_manager.gd" time="0.003172" >
      </testcase>
      <testcase name="test_invalid_technology_id" assertions="0" status="no asserts" classname="tests/test_technology_effect_manager.gd" time="0.003215" >
      </testcase>
      </testsuite>
  <testsuite name="tests/test_turn_manager.gd" tests="5" failures="0" skipped="0" time="0.016294" >
      <testcase name="test_turn_sub_phases" assertions="0" status="no asserts" classname="tests/test_turn_manager.gd" time="0.003374" >
      </testcase>
      <testcase name="test_sub_phase_progression" assertions="0" status="no asserts" classname="tests/test_turn_manager.gd" time="0.003115" >
      </testcase>
      <testcase name="test_turn_initialization" assertions="0" status="no asserts" classname="tests/test_turn_manager.gd" time="0.003176" >
      </testcase>
      <testcase name="test_sub_phase_processing" assertions="0" status="no asserts" classname="tests/test_turn_manager.gd" time="0.003277" >
      </testcase>
      <testcase name="test_turn_signals" assertions="0" status="no asserts" classname="tests/test_turn_manager.gd" time="0.003352" >
      </testcase>
      </testsuite>
  <testsuite name="tests/test_turns_integration_cycle.gd" tests="1" failures="1" skipped="0" time="0.004247" >
      <testcase name="test_full_turn_cycle_updates_colony_production" assertions="1" status="fail" classname="tests/test_turns_integration_cycle.gd" time="0.004247" >
      <failure message="failed"><![CDATA[[<null>] expected to not equal [<null>]:  Player empire should exist.
            at line -1]]></failure></testcase>
      </testsuite>
  <testsuite name="tests/test_ui_layouts.gd" tests="0" failures="0" skipped="0" time="0.0" >
      </testsuite>
  </testsuites>